<?xml version="1.0" encoding="UTF-8"?>
<testsuite xmlns:xsi="http://www.w3.org/2001/XMLSchema-instance" xsi:noNamespaceSchemaLocation="https://maven.apache.org/surefire/maven-surefire-plugin/xsd/surefire-test-report.xsd" version="3.0.2" name="com.abha.mutualfollowers.MutualFollowers.MutualFollowersApplicationTests" time="2.427" tests="1" errors="0" skipped="0" failures="0">
  <properties>
[...]
</properties>
  <testcase name="contextLoads" classname="com.abha.mutualfollowers.MutualFollowers.MutualFollowersApplicationTests" time="0.459">
    <system-out><![CDATA[20:18:12.229 [main] INFO org.springframework.test.context.support.AnnotationConfigContextLoaderUtils -- Could not detect default configuration classes for test class [com.abha.mutualfollowers.MutualFollowers.MutualFollowersApplicationTests]: MutualFollowersApplicationTests does not declare any static, non-private, non-final, nested classes annotated with @Configuration.
20:18:12.317 [main] INFO org.springframework.boot.test.context.SpringBootTestContextBootstrapper -- Found @SpringBootConfiguration com.abha.mutualfollowers.MutualFollowers.MutualFollowersApplication for test class com.abha.mutualfollowers.MutualFollowers.MutualFollowersApplicationTests

  .   ____          _            __ _ _
 /\\ / ___'_ __ _ _(_)_ __  __ _ \ \ \ \
( ( )\___ | '_ | '_| | '_ \/ _` | \ \ \ \
 \\/  ___)| |_)| | | | | || (_| |  ) ) ) )
  '  |____| .__|_| |_|_| |_\__, | / / / /
 =========|_|==============|___/=/_/_/_/

 :: Spring Boot ::            (v3.5.0-RC1)

2025-04-25T20:18:12.625+05:30  INFO 14856 --- [MutualFollowers] [           main] c.a.m.M.MutualFollowersApplicationTests  : Starting MutualFollowersApplicationTests using Java 17.0.13 with PID 14856 (started by abhashukla28 in /Users/abhashukla28/Downloads/MutualFollowers)
2025-04-25T20:18:12.626+05:30  INFO 14856 --- [MutualFollowers] [           main] c.a.m.M.MutualFollowersApplicationTests  : No active profile set, falling back to 1 default profile: "default"
2025-04-25T20:18:13.507+05:30  INFO 14856 --- [MutualFollowers] [           main] c.a.m.M.MutualFollowersApplicationTests  : Started MutualFollowersApplicationTests in 1.086 seconds (process running for 1.792)
Webhook sent successfully!
]]></system-out>
  </testcase>
</testsuite>